-------------------------------------------------------------------------------
Test set: TestSuite
-------------------------------------------------------------------------------
Tests run: 4, Failures: 1, Errors: 0, Skipped: 2, Time elapsed: 0.757 s <<< FAILURE! - in TestSuite
setup(com.inetbanking.testCases.TC001_LoginTest)  Time elapsed: 0.425 s  <<< FAILURE!
org.testng.TestNGException: 

Parameter 'browser' is required by BeforeClass on method setup but has not been marked @Optional or defined


